1+0 records in
1+0 records out
4096 bytes (4.1 kB, 4.0 KiB) copied, 0.00545169 s, 751 kB/s
2023-10-31T16:22:25-05:00 INFO: starting mtest-maestro
304bb6fd266f0952a52b65b28534ac6eb7d04bf815b62bbb7c0094ee25d4636f
2023-10-31T16:22:28-05:00 INFO: starting mtest-samp-1
bf682106866db5fca8f44dce01022cc439fbe922e6caf8e8658fd935f80b62b5
2023-10-31T16:22:29-05:00 INFO: starting mtest-samp-2
878911bc4e003dfdbc99652cd17ddeecbaaf1faeb2f64da54a291f72b945edad
2023-10-31T16:22:31-05:00 INFO: starting mtest-samp-3
00a6e32f51744d7f984a33107a190ab482197dff2017a9cc0aa50fd6d6303455
2023-10-31T16:22:32-05:00 INFO: starting mtest-samp-4
4737562cfcb5082bc8fa2bc30570f079ac78ea97e1f9e9f46ed206ef1a534aae
2023-10-31T16:22:33-05:00 INFO: mtest-samp-1 is running
2023-10-31T16:22:33-05:00 INFO: mtest-samp-2 is running
2023-10-31T16:22:33-05:00 INFO: mtest-samp-3 is running
2023-10-31T16:22:33-05:00 INFO: mtest-samp-4 is running
2023-10-31T16:22:33-05:00 INFO: starting mtest-agg-11
67252de3e1894298a14dae71a22a9dead3be846029623a322d71c6dd6c340546
2023-10-31T16:22:35-05:00 INFO: starting mtest-agg-12
883a7a95bcbec149e9164750555a80fb26b0c12f22f0a99de5e93888f96cb3a3
2023-10-31T16:22:36-05:00 INFO: mtest-agg-11 is running
2023-10-31T16:22:36-05:00 INFO: mtest-agg-12 is running
2023-10-31T16:22:36-05:00 INFO: starting mtest-agg-2
1446aa24f41ab39124bb73709b80d2bc9804e9d99074c9fb4d4484d049032ac5
2023-10-31T16:22:37-05:00 INFO: mtest-agg-2 is running
2023-10-31T16:22:37-05:00 INFO: Collecting data (into SOS)
mtest-agg-11
mtest-agg-12
2023-10-31T16:24:38-05:00 INFO: Checking SOS data
Traceback (most recent call last):
  File "<stdin>", line 7, in <module>
  File "Sos.pyx", line 1136, in python.Sos.Container.open
  File "Sos.pyx", line 231, in python.Sos.SosObject.abort
Exception: No such file or directory
2023-10-31T16:24:40-05:00 INFO: sos check rc: 1
2023-10-31T16:24:40-05:00 INFO: Cleaning up ...
mtest-samp-1
mtest-samp-2
mtest-samp-3
mtest-samp-4
mtest-agg-11
mtest-agg-12
mtest-agg-2
mtest-maestro
Error response from daemon: No such container: mtest-ui
Error response from daemon: No such container: mtest-grafana
2023-10-31T16:24:44-05:00 INFO: DONE
