2023-06-21T00:48:47-05:00 INFO: Checking munge on localhost
2023-06-21T00:48:47-05:00 INFO: munge encode/decode successfully
2023-06-21T00:48:47-05:00 INFO: starting mtest-maestro
644bfb21a84b524c444975a3ff7b9f14aa42d0d8f7c1b11a0d4e546bef00d102
2023-06-21T00:48:49-05:00 INFO: starting mtest-samp-1
80e289649d934a9c330ff9d585ae7595e1210e874a99958e9d88b1a74033a5cc
2023-06-21T00:48:51-05:00 INFO: starting mtest-samp-2
8b12f8c42c9044dca8e99b05525cc14b17c04b31b600079ec54e702dfbd3e1c9
2023-06-21T00:48:53-05:00 INFO: starting mtest-samp-3
9a8a9a70085f450cbee153ea3f70b98b1c012c7eea15824eaf5e8cdbdd11cc0c
2023-06-21T00:48:54-05:00 INFO: starting mtest-samp-4
f39c3180981c1d9e023aa519fea92940a1794f0d8354990fcd386af5ae009657
2023-06-21T00:48:56-05:00 INFO: mtest-samp-1 is running
2023-06-21T00:48:56-05:00 INFO: mtest-samp-2 is running
2023-06-21T00:48:56-05:00 INFO: mtest-samp-3 is running
2023-06-21T00:48:56-05:00 INFO: mtest-samp-4 is running
2023-06-21T00:48:56-05:00 INFO: starting mtest-agg-11
de996687660b1a837c679ba875b29d16ecc201de8d34885a7aa4890a32615073
2023-06-21T00:48:58-05:00 INFO: starting mtest-agg-12
c6cda8473580e54eb296042dae2f4e8d2d7100c1842e76bee2f8c521154e475f
2023-06-21T00:48:59-05:00 INFO: mtest-agg-11 is running
2023-06-21T00:48:59-05:00 INFO: mtest-agg-12 is running
2023-06-21T00:48:59-05:00 INFO: starting mtest-agg-2
6e738bd317e342613cf5d27227a1d2957e501f1c0b558a1e45a6bcbcd54cefd0
2023-06-21T00:49:01-05:00 INFO: mtest-agg-2 is running
2023-06-21T00:49:01-05:00 INFO: Collecting data (into SOS)
mtest-agg-11
mtest-agg-12
2023-06-21T00:49:12-05:00 INFO: Checking SOS data
Traceback (most recent call last):
  File "<stdin>", line 7, in <module>
  File "Sos.pyx", line 964, in python.Sos.Container.open
  File "Sos.pyx", line 231, in python.Sos.SosObject.abort
Exception: No such file or directory
2023-06-21T00:49:14-05:00 INFO: sos check rc: 1
2023-06-21T00:49:14-05:00 INFO: Cleaning up ...
mtest-samp-1
mtest-samp-2
mtest-samp-3
mtest-samp-4
mtest-agg-11
mtest-agg-12
mtest-agg-2
mtest-maestro
Error: No such container: mtest-ui
Error: No such container: mtest-grafana
2023-06-21T00:49:18-05:00 INFO: DONE
