2025-09-05 04:30:15,515 TADA INFO starting test `ldms_qgroup_test`
2025-09-05 04:30:15,515 TADA INFO   test-id: 6a8193f817ca93846c62eea6c58efc49d4b11bc66dee034e55c6526f3d7623db
2025-09-05 04:30:15,515 TADA INFO   test-suite: LDMSD
2025-09-05 04:30:15,515 TADA INFO   test-name: ldms_qgroup_test
2025-09-05 04:30:15,515 TADA INFO   test-user: narate
2025-09-05 04:30:15,515 TADA INFO   commit-id: 0ddbd836eda817de9ed8c93026ea9037f360f0c2
2025-09-05 04:30:15,516 __main__ INFO -- Get or create the cluster --
2025-09-05 04:30:54,795 __main__ INFO -- Start daemons --
2025-09-05 04:31:10,779 __main__ INFO ... wait a bit to make sure daemons are up
2025-09-05 04:31:12,782 root INFO starting python /tada-src/python/ldms_qgroup_samp.py on narate-ldms_qgroup_test-0ddbd83-samp1 
Traceback (most recent call last):
  File "ldms_qgroup_test", line 169, in <module>
    py_samp1 = PyPty(samp1, PY_SAMP_CMD)
  File "/home/narate/cron/ldms-test/LDMS_Test.py", line 922, in __init__
    self.pty = py_pty(node, script_path, user)
  File "/home/narate/cron/ldms-test/LDMS_Test.py", line 913, in py_pty
    EXPECT(_out, ">>> ")
  File "/home/narate/cron/ldms-test/LDMS_Test.py", line 842, in EXPECT
    raise RuntimeError("\n  EXPECTING: {}\n  GOT: {}".format(expected, val))
RuntimeError: 
  EXPECTING: >>> 
  GOT: Traceback (most recent call last):
  File "/tada-src/python/ldms_qgroup_samp.py", line 49, in <module>
    def stream_cb(cli, data: ldms.StreamData, cb_arg):
AttributeError: module 'ovis_ldms.ldms' has no attribute 'StreamData'
>>> 
2025-09-05 04:31:15,003 TADA INFO assertion 1, Throughput without limit: skipped
2025-09-05 04:31:15,003 TADA INFO assertion 2, Data received after quota: skipped
2025-09-05 04:31:15,004 TADA INFO assertion 3, Throughput with limit: skipped
2025-09-05 04:31:15,004 TADA INFO assertion 4, Check data loss: skipped
2025-09-05 04:31:15,004 TADA INFO assertion 5, Check starvation: skipped
2025-09-05 04:31:15,005 TADA INFO assertion 6, Single publisher saturation test: skipped
2025-09-05 04:31:15,005 TADA INFO test ldms_qgroup_test ended
