2023-07-05 01:05:19,382 TADA INFO starting test `spank_notifier_test`
2023-07-05 01:05:19,382 TADA INFO   test-id: 3d871902de3908b57956be320ec8e554186090eaa4d2745b8c72cb2c0f25155e
2023-07-05 01:05:19,382 TADA INFO   test-suite: Slurm_Plugins
2023-07-05 01:05:19,382 TADA INFO   test-name: spank_notifier_test
2023-07-05 01:05:19,382 TADA INFO   test-user: narate
2023-07-05 01:05:19,383 TADA INFO   commit-id: 636a1c6eed94acbb98f830d7507cbfe1ed9a92a0
2023-07-05 01:05:19,383 __main__ INFO -- Create the cluster --
Traceback (most recent call last):
  File "/usr/lib/python3.6/site-packages/docker/api/client.py", line 261, in _raise_for_status
    response.raise_for_status()
  File "/usr/lib/python3.6/site-packages/requests/models.py", line 941, in raise_for_status
    raise HTTPError(http_error_msg, response=self)
requests.exceptions.HTTPError: 404 Client Error: Not Found for url: http+docker://localhost/v1.35/networks/narate-spank_notifier_test-636a1c6

During handling of the above exception, another exception occurred:

Traceback (most recent call last):
  File "/home/narate/cron/ldms-test/runtime/docker.py", line 685, in _get
    net = dc.networks.get(name)
  File "/usr/lib/python3.6/site-packages/docker/models/networks.py", line 180, in get
    self.client.api.inspect_network(network_id, *args, **kwargs)
  File "/usr/lib/python3.6/site-packages/docker/utils/decorators.py", line 19, in wrapped
    return f(self, resource_id, *args, **kwargs)
  File "/usr/lib/python3.6/site-packages/docker/api/network.py", line 213, in inspect_network
    return self._result(res, json=True)
  File "/usr/lib/python3.6/site-packages/docker/api/client.py", line 267, in _result
    self._raise_for_status(response)
  File "/usr/lib/python3.6/site-packages/docker/api/client.py", line 263, in _raise_for_status
    raise create_api_error_from_http_exception(e)
  File "/usr/lib/python3.6/site-packages/docker/errors.py", line 31, in create_api_error_from_http_exception
    raise cls(e, response=response, explanation=explanation)
docker.errors.NotFound: 404 Client Error: Not Found ("network narate-spank_notifier_test-636a1c6 not found")

During handling of the above exception, another exception occurred:

Traceback (most recent call last):
  File "/home/narate/cron/ldms-test/LDMS_Test.py", line 1619, in get
    cluster = _cls._get(name)
  File "/home/narate/cron/ldms-test/runtime/docker.py", line 688, in _get
    raise LookupError()
LookupError

During handling of the above exception, another exception occurred:

Traceback (most recent call last):
  File "/usr/lib/python3.6/site-packages/docker/api/client.py", line 261, in _raise_for_status
    response.raise_for_status()
  File "/usr/lib/python3.6/site-packages/requests/models.py", line 941, in raise_for_status
    raise HTTPError(http_error_msg, response=self)
requests.exceptions.HTTPError: 409 Client Error: Conflict for url: http+docker://localhost/v1.35/containers/0a9058bd4f550201ffd0bd4c96cc3d1542f21f8994cb8e1deb5769498065d425/exec

During handling of the above exception, another exception occurred:

Traceback (most recent call last):
  File "spank_notifier_test", line 301, in <module>
    cluster = LDMSDCluster.get(spec["name"], create=True, spec = spec)
  File "/home/narate/cron/ldms-test/LDMS_Test.py", line 1626, in get
    return _cls.create(spec)
  File "/home/narate/cron/ldms-test/LDMS_Test.py", line 1597, in create
    cluster = _cls._create(spec)
  File "/home/narate/cron/ldms-test/runtime/docker.py", line 419, in _create
    return cls.__create(spec=sp, **kwargs)
  File "/home/narate/cron/ldms-test/runtime/docker.py", line 599, in __create
    cluster.update_etc_hosts(node_aliases = node_aliases)
  File "/home/narate/cron/ldms-test/LDMS_Test.py", line 1705, in update_etc_hosts
    cont.write_file("/etc/hosts", etc_hosts)
  File "/home/narate/cron/ldms-test/runtime/docker.py", line 204, in write_file
    rc, sock = self._exec_run(cmd, stdin=True, socket=True, user = user)
  File "/home/narate/cron/ldms-test/runtime/docker.py", line 148, in _exec_run
    (rc, out) = self.obj.exec_run(*args, **kwargs)
  File "/usr/lib/python3.6/site-packages/docker/models/containers.py", line 196, in exec_run
    workdir=workdir,
  File "/usr/lib/python3.6/site-packages/docker/utils/decorators.py", line 19, in wrapped
    return f(self, resource_id, *args, **kwargs)
  File "/usr/lib/python3.6/site-packages/docker/api/exec_api.py", line 80, in exec_create
    return self._result(res, True)
  File "/usr/lib/python3.6/site-packages/docker/api/client.py", line 267, in _result
    self._raise_for_status(response)
  File "/usr/lib/python3.6/site-packages/docker/api/client.py", line 263, in _raise_for_status
    raise create_api_error_from_http_exception(e)
  File "/usr/lib/python3.6/site-packages/docker/errors.py", line 31, in create_api_error_from_http_exception
    raise cls(e, response=response, explanation=explanation)
docker.errors.APIError: 409 Client Error: Conflict ("Container 0a9058bd4f550201ffd0bd4c96cc3d1542f21f8994cb8e1deb5769498065d425 is not running")
2023-07-05 01:05:36,705 TADA INFO assertion 0, Missing stream listener on node-1 does not affect job execution: skipped
2023-07-05 01:05:36,706 TADA INFO assertion 1, Missing stream listener on node-2 does not affect job execution: skipped
2023-07-05 01:05:36,706 TADA INFO assertion 2, 1-task job: first event is 'init': skipped
2023-07-05 01:05:36,706 TADA INFO assertion 3, 1-task job: 'step_init' event contains subscriber data: skipped
2023-07-05 01:05:36,706 TADA INFO assertion 4, 1-task job: second event is 'task_init_priv': skipped
2023-07-05 01:05:36,706 TADA INFO assertion 5, 1-task job: third event is 'task_exit': skipped
2023-07-05 01:05:36,706 TADA INFO assertion 6, 1-task job: fourth event is 'exit': skipped
2023-07-05 01:05:36,707 TADA INFO assertion 7, 2-task job: first event is 'init': skipped
2023-07-05 01:05:36,707 TADA INFO assertion 8, 2-task job: 'step_init' event contains subscriber data: skipped
2023-07-05 01:05:36,707 TADA INFO assertion 9, 2-task job: second event is 'task_init_priv': skipped
2023-07-05 01:05:36,707 TADA INFO assertion 10, 2-task job: third event is 'task_exit': skipped
2023-07-05 01:05:36,707 TADA INFO assertion 11, 2-task job: fourth event is 'exit': skipped
2023-07-05 01:05:36,707 TADA INFO assertion 12, 4-task job: first event is 'init': skipped
2023-07-05 01:05:36,707 TADA INFO assertion 13, 4-task job: 'step_init' event contains subscriber data: skipped
2023-07-05 01:05:36,708 TADA INFO assertion 14, 4-task job: second event is 'task_init_priv': skipped
2023-07-05 01:05:36,708 TADA INFO assertion 15, 4-task job: third event is 'task_exit': skipped
2023-07-05 01:05:36,708 TADA INFO assertion 16, 4-task job: fourth event is 'exit': skipped
2023-07-05 01:05:36,708 TADA INFO assertion 17, 8-task job: first event is 'init': skipped
2023-07-05 01:05:36,708 TADA INFO assertion 18, 8-task job: 'step_init' event contains subscriber data: skipped
2023-07-05 01:05:36,708 TADA INFO assertion 19, 8-task job: second event is 'task_init_priv': skipped
2023-07-05 01:05:36,708 TADA INFO assertion 20, 8-task job: third event is 'task_exit': skipped
2023-07-05 01:05:36,708 TADA INFO assertion 21, 8-task job: fourth event is 'exit': skipped
2023-07-05 01:05:36,709 TADA INFO assertion 22, 27-task job: first event is 'init': skipped
2023-07-05 01:05:36,709 TADA INFO assertion 23, 27-task job: 'step_init' event contains subscriber data: skipped
2023-07-05 01:05:36,709 TADA INFO assertion 24, 27-task job: second event is 'task_init_priv': skipped
2023-07-05 01:05:36,709 TADA INFO assertion 25, 27-task job: third event is 'task_exit': skipped
2023-07-05 01:05:36,709 TADA INFO assertion 26, 27-task job: fourth event is 'exit': skipped
2023-07-05 01:05:36,709 TADA INFO assertion 50, Multi-tenant verification: skipped
2023-07-05 01:05:36,709 TADA INFO assertion 51, Killing stream listener does not affect job execution on node-1: skipped
2023-07-05 01:05:36,710 TADA INFO assertion 52, Killing stream listener does not affect job execution on node-2: skipped
2023-07-05 01:05:36,710 TADA INFO assertion 60, Bad config does not affect jobs: skipped
2023-07-05 01:05:36,710 TADA INFO test spank_notifier_test ended
