2023-07-08 00:59:11,667 __main__ INFO -- Get or create the cluster --
2023-07-08 00:59:11,668 TADA INFO starting test `updtr_add test`
2023-07-08 00:59:11,668 TADA INFO   test-id: cefb6dc7c95fbe9caf67ae43e48a143dded4f59897e6881a485f37a40e63e93a
2023-07-08 00:59:11,668 TADA INFO   test-suite: LDMSD
2023-07-08 00:59:11,668 TADA INFO   test-name: updtr_add test
2023-07-08 00:59:11,668 TADA INFO   test-user: narate
2023-07-08 00:59:11,668 TADA INFO   commit-id: 636a1c6eed94acbb98f830d7507cbfe1ed9a92a0
Traceback (most recent call last):
  File "/usr/lib/python3.6/site-packages/docker/api/client.py", line 261, in _raise_for_status
    response.raise_for_status()
  File "/usr/lib/python3.6/site-packages/requests/models.py", line 941, in raise_for_status
    raise HTTPError(http_error_msg, response=self)
requests.exceptions.HTTPError: 404 Client Error: Not Found for url: http+docker://localhost/v1.35/containers/a72857cafe0570701393be1a82addc21cbe4b37b5b0f85138adb1fd07f1f33f8/exec

During handling of the above exception, another exception occurred:

Traceback (most recent call last):
  File "updtr_match_add_test", line 244, in <module>
    c.write_file("/db/ldmsd_request_send.py", open(SCRIPT_DIR + "/ldmsd_request_send.py").read())
  File "/home/narate/cron/ldms-test/runtime/docker.py", line 204, in write_file
    rc, sock = self._exec_run(cmd, stdin=True, socket=True, user = user)
  File "/home/narate/cron/ldms-test/runtime/docker.py", line 148, in _exec_run
    (rc, out) = self.obj.exec_run(*args, **kwargs)
  File "/usr/lib/python3.6/site-packages/docker/models/containers.py", line 196, in exec_run
    workdir=workdir,
  File "/usr/lib/python3.6/site-packages/docker/utils/decorators.py", line 19, in wrapped
    return f(self, resource_id, *args, **kwargs)
  File "/usr/lib/python3.6/site-packages/docker/api/exec_api.py", line 80, in exec_create
    return self._result(res, True)
  File "/usr/lib/python3.6/site-packages/docker/api/client.py", line 267, in _result
    self._raise_for_status(response)
  File "/usr/lib/python3.6/site-packages/docker/api/client.py", line 263, in _raise_for_status
    raise create_api_error_from_http_exception(e)
  File "/usr/lib/python3.6/site-packages/docker/errors.py", line 31, in create_api_error_from_http_exception
    raise cls(e, response=response, explanation=explanation)
docker.errors.NotFound: 404 Client Error: Not Found ("No such container: a72857cafe0570701393be1a82addc21cbe4b37b5b0f85138adb1fd07f1f33f8")
2023-07-08 00:59:19,407 TADA INFO assertion 1, updtr_match_add with an invalid regex: skipped
2023-07-08 00:59:19,407 TADA INFO assertion 2, updtr_match_add with an invalid match: skipped
2023-07-08 00:59:19,408 TADA INFO assertion 3, updtr_match_add of a non-existing updater: skipped
2023-07-08 00:59:19,408 TADA INFO assertion 4, A success updtr_match_add: skipped
2023-07-08 00:59:19,408 TADA INFO assertion 5, updtr_match_add of a running updater: skipped
2023-07-08 00:59:19,408 TADA INFO test updtr_add test ended
